[debug] [2020-12-17T13:27:06.069Z] ----------------------------------------------------------------------
[debug] [2020-12-17T13:27:06.071Z] Command:       C:\Program Files\nodejs\node.exe C:\Users\jonas\AppData\Roaming\npm\node_modules\firebase-tools\lib\bin\firebase.js emulators:start --only functions
[debug] [2020-12-17T13:27:06.071Z] CLI Version:   8.5.0
[debug] [2020-12-17T13:27:06.071Z] Platform:      win32
[debug] [2020-12-17T13:27:06.071Z] Node Version:  v12.18.2
[debug] [2020-12-17T13:27:06.072Z] Time:          Thu Dec 17 2020 14:27:06 GMT+0100 (Central European Standard Time)
[debug] [2020-12-17T13:27:06.072Z] ----------------------------------------------------------------------
[debug] [2020-12-17T13:27:06.072Z] 
[debug] [2020-12-17T13:27:06.076Z] > command requires scopes: ["email","openid","https://www.googleapis.com/auth/cloudplatformprojects.readonly","https://www.googleapis.com/auth/firebase","https://www.googleapis.com/auth/cloud-platform"]
[debug] [2020-12-17T13:27:06.077Z] > authorizing via signed-in user
[info] i  emulators: Starting emulators: functions {"metadata":{"emulator":{"name":"hub"},"message":"Starting emulators: functions"}}
[debug] [2020-12-17T13:27:08.116Z] [hub] writing locator at C:\Users\jonas\AppData\Local\Temp\hub-wedding-wix-tutorial.json
[debug] [2020-12-17T13:27:10.159Z] defaultcredentials: writing to file C:\Users\jonas\AppData\Roaming\firebase\19jonaswolfram98_gmail_com_application_default_credentials.json
[debug] [2020-12-17T13:27:10.159Z] Setting GAC to C:\Users\jonas\AppData\Roaming\firebase\19jonaswolfram98_gmail_com_application_default_credentials.json {"metadata":{"emulator":{"name":"functions"},"message":"Setting GAC to C:\\Users\\jonas\\AppData\\Roaming\\firebase\\19jonaswolfram98_gmail_com_application_default_credentials.json"}}
[warn] !  functions: The following emulators are not running, calls to these services from the Functions emulator will affect production: firestore, database, hosting, pubsub {"metadata":{"emulator":{"name":"functions"},"message":"The following emulators are not running, calls to these services from the Functions emulator will affect production: \u001b[1mfirestore, database, hosting, pubsub\u001b[22m"}}
[warn] !  Your requested "node" version "10" doesn't match your global version "12" {"metadata":{"emulator":{"name":"functions"},"message":"Your requested \"node\" version \"10\" doesn't match your global version \"12\""}}
[debug] [2020-12-17T13:27:14.247Z] Ignoring unsupported arg: auto_download {"metadata":{"emulator":{"name":"ui"},"message":"Ignoring unsupported arg: auto_download"}}
[debug] [2020-12-17T13:27:14.247Z] Ignoring unsupported arg: port {"metadata":{"emulator":{"name":"ui"},"message":"Ignoring unsupported arg: port"}}
[debug] [2020-12-17T13:27:14.247Z] Starting Emulator UI with command {"binary":"node","args":["C:\\Users\\jonas\\.cache\\firebase\\emulators\\ui-v1.1.0\\server.bundle.js"],"optionalArgs":[],"joinArgs":false} {"metadata":{"emulator":{"name":"ui"},"message":"Starting Emulator UI with command {\"binary\":\"node\",\"args\":[\"C:\\\\Users\\\\jonas\\\\.cache\\\\firebase\\\\emulators\\\\ui-v1.1.0\\\\server.bundle.js\"],\"optionalArgs\":[],\"joinArgs\":false}"}}
[info] i  ui: Emulator UI logging to ui-debug.log {"metadata":{"emulator":{"name":"ui"},"message":"Emulator UI logging to \u001b[1mui-debug.log\u001b[22m"}}
[debug] [2020-12-17T13:27:14.333Z] Web / API server started at http://localhost:4000
 {"metadata":{"emulator":{"name":"ui"},"message":"Web / API server started at http://localhost:4000\n"}}
[info] i  functions: Watching "C:\Users\jonas\Documents\git-projects\affiliate-wedding\functions" for Cloud Functions... {"metadata":{"emulator":{"name":"functions"},"message":"Watching \"C:\\Users\\jonas\\Documents\\git-projects\\affiliate-wedding\\functions\" for Cloud Functions..."}}
[debug] [2020-12-17T13:27:14.782Z] [worker-pool] addWorker(~diagnostic~) {"metadata":{"emulator":{"name":"functions"},"message":"[worker-pool] addWorker(~diagnostic~)"}}
[debug] [2020-12-17T13:27:14.782Z] [worker-pool] Adding worker with key ~diagnostic~, total=1 {"metadata":{"emulator":{"name":"functions"},"message":"[worker-pool] Adding worker with key ~diagnostic~, total=1"}}
[debug] [2020-12-17T13:27:14.782Z] [worker-pool] submitWork(triggerId=) {"metadata":{"emulator":{"name":"functions"},"message":"[worker-pool] submitWork(triggerId=)"}}
[debug] [2020-12-17T13:27:14.783Z] [worker-~diagnostic~-8769723b-7c0c-4c7c-8877-53eab35a7f9a]: Assigning socketPath: \\?\pipe\C:\Users\jonas\Documents\git-projects\affiliate-wedding\functions\7344 {"metadata":{"emulator":{"name":"functions"},"message":"[worker-~diagnostic~-8769723b-7c0c-4c7c-8877-53eab35a7f9a]: Assigning socketPath: \\\\?\\pipe\\C:\\Users\\jonas\\Documents\\git-projects\\affiliate-wedding\\functions\\7344"}}
[debug] [2020-12-17T13:27:14.783Z] [worker-~diagnostic~-8769723b-7c0c-4c7c-8877-53eab35a7f9a]: BUSY {"metadata":{"emulator":{"name":"functions"},"message":"[worker-~diagnostic~-8769723b-7c0c-4c7c-8877-53eab35a7f9a]: BUSY"}}
[debug] [2020-12-17T13:27:15.056Z] [runtime-status] [7344] Functions runtime initialized. {"cwd":"C:\\Users\\jonas\\Documents\\git-projects\\affiliate-wedding\\functions","node_version":"12.18.2"} {"metadata":{"emulator":{"name":"functions"},"message":"[runtime-status] [7344] Functions runtime initialized. {\"cwd\":\"C:\\\\Users\\\\jonas\\\\Documents\\\\git-projects\\\\affiliate-wedding\\\\functions\",\"node_version\":\"12.18.2\"}"}}
[debug] [2020-12-17T13:27:15.057Z] [runtime-status] [7344] Disabled runtime features: undefined {"metadata":{"emulator":{"name":"functions"},"message":"[runtime-status] [7344] Disabled runtime features: undefined"}}
[debug] [2020-12-17T13:27:15.059Z] [runtime-status] [7344] Resolved module firebase-admin {"declared":true,"installed":true,"version":"8.13.0","resolution":"C:\\Users\\jonas\\Documents\\git-projects\\affiliate-wedding\\functions\\node_modules\\firebase-admin\\lib\\index.js"} {"metadata":{"emulator":{"name":"functions"},"message":"[runtime-status] [7344] Resolved module firebase-admin {\"declared\":true,\"installed\":true,\"version\":\"8.13.0\",\"resolution\":\"C:\\\\Users\\\\jonas\\\\Documents\\\\git-projects\\\\affiliate-wedding\\\\functions\\\\node_modules\\\\firebase-admin\\\\lib\\\\index.js\"}"}}
[debug] [2020-12-17T13:27:15.061Z] [runtime-status] [7344] Resolved module firebase-functions {"declared":true,"installed":true,"version":"3.13.0","resolution":"C:\\Users\\jonas\\Documents\\git-projects\\affiliate-wedding\\functions\\node_modules\\firebase-functions\\lib\\index.js"} {"metadata":{"emulator":{"name":"functions"},"message":"[runtime-status] [7344] Resolved module firebase-functions {\"declared\":true,\"installed\":true,\"version\":\"3.13.0\",\"resolution\":\"C:\\\\Users\\\\jonas\\\\Documents\\\\git-projects\\\\affiliate-wedding\\\\functions\\\\node_modules\\\\firebase-functions\\\\lib\\\\index.js\"}"}}
[debug] [2020-12-17T13:27:15.062Z] [runtime-status] [7344] Found local functions config: C:\Users\jonas\Documents\git-projects\affiliate-wedding\functions/.runtimeconfig.json {"metadata":{"emulator":{"name":"functions"},"message":"[runtime-status] [7344] Found local functions config: C:\\Users\\jonas\\Documents\\git-projects\\affiliate-wedding\\functions/.runtimeconfig.json"}}
[debug] [2020-12-17T13:27:15.063Z] [runtime-status] [7344] Outgoing network have been stubbed. [{"name":"http","status":"mocked"},{"name":"http","status":"mocked"},{"name":"https","status":"mocked"},{"name":"https","status":"mocked"},{"name":"net","status":"mocked"}] {"metadata":{"emulator":{"name":"functions"},"message":"[runtime-status] [7344] Outgoing network have been stubbed. [{\"name\":\"http\",\"status\":\"mocked\"},{\"name\":\"http\",\"status\":\"mocked\"},{\"name\":\"https\",\"status\":\"mocked\"},{\"name\":\"https\",\"status\":\"mocked\"},{\"name\":\"net\",\"status\":\"mocked\"}]"}}
[debug] [2020-12-17T13:27:15.063Z] [runtime-status] [7344] Resolved module firebase-functions {"declared":true,"installed":true,"version":"3.13.0","resolution":"C:\\Users\\jonas\\Documents\\git-projects\\affiliate-wedding\\functions\\node_modules\\firebase-functions\\lib\\index.js"} {"metadata":{"emulator":{"name":"functions"},"message":"[runtime-status] [7344] Resolved module firebase-functions {\"declared\":true,\"installed\":true,\"version\":\"3.13.0\",\"resolution\":\"C:\\\\Users\\\\jonas\\\\Documents\\\\git-projects\\\\affiliate-wedding\\\\functions\\\\node_modules\\\\firebase-functions\\\\lib\\\\index.js\"}"}}
[debug] [2020-12-17T13:27:15.094Z] [runtime-status] [7344] Checked functions.config() {"config":{"environment":"development","nodemailer":{"email":"wedding.website.tutorial@gmail.com","password":"Airbus360!"}}} {"metadata":{"emulator":{"name":"functions"},"message":"[runtime-status] [7344] Checked functions.config() {\"config\":{\"environment\":\"development\",\"nodemailer\":{\"email\":\"wedding.website.tutorial@gmail.com\",\"password\":\"Airbus360!\"}}}"}}
[debug] [2020-12-17T13:27:15.094Z] [runtime-status] [7344] firebase-functions has been stubbed. {"functionsResolution":{"declared":true,"installed":true,"version":"3.13.0","resolution":"C:\\Users\\jonas\\Documents\\git-projects\\affiliate-wedding\\functions\\node_modules\\firebase-functions\\lib\\index.js"}} {"metadata":{"emulator":{"name":"functions"},"message":"[runtime-status] [7344] firebase-functions has been stubbed. {\"functionsResolution\":{\"declared\":true,\"installed\":true,\"version\":\"3.13.0\",\"resolution\":\"C:\\\\Users\\\\jonas\\\\Documents\\\\git-projects\\\\affiliate-wedding\\\\functions\\\\node_modules\\\\firebase-functions\\\\lib\\\\index.js\"}}"}}
[debug] [2020-12-17T13:27:15.095Z] [runtime-status] [7344] Resolved module firebase-functions {"declared":true,"installed":true,"version":"3.13.0","resolution":"C:\\Users\\jonas\\Documents\\git-projects\\affiliate-wedding\\functions\\node_modules\\firebase-functions\\lib\\index.js"} {"metadata":{"emulator":{"name":"functions"},"message":"[runtime-status] [7344] Resolved module firebase-functions {\"declared\":true,\"installed\":true,\"version\":\"3.13.0\",\"resolution\":\"C:\\\\Users\\\\jonas\\\\Documents\\\\git-projects\\\\affiliate-wedding\\\\functions\\\\node_modules\\\\firebase-functions\\\\lib\\\\index.js\"}"}}
[debug] [2020-12-17T13:27:15.095Z] [runtime-status] [7344] Resolved module firebase-admin {"declared":true,"installed":true,"version":"8.13.0","resolution":"C:\\Users\\jonas\\Documents\\git-projects\\affiliate-wedding\\functions\\node_modules\\firebase-admin\\lib\\index.js"} {"metadata":{"emulator":{"name":"functions"},"message":"[runtime-status] [7344] Resolved module firebase-admin {\"declared\":true,\"installed\":true,\"version\":\"8.13.0\",\"resolution\":\"C:\\\\Users\\\\jonas\\\\Documents\\\\git-projects\\\\affiliate-wedding\\\\functions\\\\node_modules\\\\firebase-admin\\\\lib\\\\index.js\"}"}}
[debug] [2020-12-17T13:27:15.096Z] [runtime-status] [7344] Resolved module firebase-functions {"declared":true,"installed":true,"version":"3.13.0","resolution":"C:\\Users\\jonas\\Documents\\git-projects\\affiliate-wedding\\functions\\node_modules\\firebase-functions\\lib\\index.js"} {"metadata":{"emulator":{"name":"functions"},"message":"[runtime-status] [7344] Resolved module firebase-functions {\"declared\":true,\"installed\":true,\"version\":\"3.13.0\",\"resolution\":\"C:\\\\Users\\\\jonas\\\\Documents\\\\git-projects\\\\affiliate-wedding\\\\functions\\\\node_modules\\\\firebase-functions\\\\lib\\\\index.js\"}"}}
[debug] [2020-12-17T13:27:15.096Z] [runtime-status] [7344] firebase-admin has been stubbed. {"adminResolution":{"declared":true,"installed":true,"version":"8.13.0","resolution":"C:\\Users\\jonas\\Documents\\git-projects\\affiliate-wedding\\functions\\node_modules\\firebase-admin\\lib\\index.js"}} {"metadata":{"emulator":{"name":"functions"},"message":"[runtime-status] [7344] firebase-admin has been stubbed. {\"adminResolution\":{\"declared\":true,\"installed\":true,\"version\":\"8.13.0\",\"resolution\":\"C:\\\\Users\\\\jonas\\\\Documents\\\\git-projects\\\\affiliate-wedding\\\\functions\\\\node_modules\\\\firebase-admin\\\\lib\\\\index.js\"}}"}}
[info] +  functions[api]: http function initialized (http://localhost:5001/wedding-wix-tutorial/us-central1/api). {"metadata":{"emulator":{"name":"functions"},"message":"\u001b[1mhttp\u001b[22m function initialized (http://localhost:5001/wedding-wix-tutorial/us-central1/api)."}}
[info] 
┌───────────────────────────────────────────────────────────────────────┐
│ ✔  All emulators ready! View status and logs at http://localhost:4000 │
└───────────────────────────────────────────────────────────────────────┘

┌───────────┬────────────────┬─────────────────────────────────┐
│ Emulator  │ Host:Port      │ View in Emulator UI             │
├───────────┼────────────────┼─────────────────────────────────┤
│ Functions │ localhost:5001 │ http://localhost:4000/functions │
└───────────┴────────────────┴─────────────────────────────────┘
  Other reserved ports: 4400, 4500

Issues? Report them at https://github.com/firebase/firebase-tools/issues and attach the *-debug.log files.
 
[debug] [2020-12-17T13:27:15.381Z] [worker-~diagnostic~-8769723b-7c0c-4c7c-8877-53eab35a7f9a]: IDLE {"metadata":{"emulator":{"name":"functions"},"message":"[worker-~diagnostic~-8769723b-7c0c-4c7c-8877-53eab35a7f9a]: IDLE"}}
[debug] [2020-12-17T13:31:10.779Z] [work-queue] {"queueLength":1,"workRunningCount":0}
[debug] [2020-12-17T13:31:10.779Z] [work-queue] {"queueLength":0,"workRunningCount":1}
[debug] [2020-12-17T13:31:10.779Z] Accepted request GET /wedding-wix-tutorial/us-central1/api/mails/send-mail?email=jonas-wolfram@web.de&isInterestedInNewsletter=true --> api
[debug] [2020-12-17T13:31:10.786Z] [worker-pool] addWorker(api) {"metadata":{"emulator":{"name":"functions"},"message":"[worker-pool] addWorker(api)"}}
[debug] [2020-12-17T13:31:10.786Z] [worker-pool] Adding worker with key api, total=1 {"metadata":{"emulator":{"name":"functions"},"message":"[worker-pool] Adding worker with key api, total=1"}}
[debug] [2020-12-17T13:31:10.786Z] [worker-pool] submitWork(triggerId=api) {"metadata":{"emulator":{"name":"functions"},"message":"[worker-pool] submitWork(triggerId=api)"}}
[debug] [2020-12-17T13:31:10.786Z] [worker-api-ba9a1f0b-b800-4b5a-a40e-2382427c027b]: Assigning socketPath: \\?\pipe\C:\Users\jonas\Documents\git-projects\affiliate-wedding\functions\17236 {"metadata":{"emulator":{"name":"functions"},"message":"[worker-api-ba9a1f0b-b800-4b5a-a40e-2382427c027b]: Assigning socketPath: \\\\?\\pipe\\C:\\Users\\jonas\\Documents\\git-projects\\affiliate-wedding\\functions\\17236"}}
[debug] [2020-12-17T13:31:10.786Z] [worker-api-ba9a1f0b-b800-4b5a-a40e-2382427c027b]: BUSY {"metadata":{"emulator":{"name":"functions"},"message":"[worker-api-ba9a1f0b-b800-4b5a-a40e-2382427c027b]: BUSY"}}
[debug] [2020-12-17T13:31:11.069Z] [runtime-status] [17236] Functions runtime initialized. {"cwd":"C:\\Users\\jonas\\Documents\\git-projects\\affiliate-wedding\\functions","node_version":"12.18.2"} {"metadata":{"emulator":{"name":"functions"},"function":{"name":"api"},"message":"[runtime-status] [17236] Functions runtime initialized. {\"cwd\":\"C:\\\\Users\\\\jonas\\\\Documents\\\\git-projects\\\\affiliate-wedding\\\\functions\",\"node_version\":\"12.18.2\"}"}}
[debug] [2020-12-17T13:31:11.070Z] [runtime-status] [17236] Disabled runtime features: undefined {"metadata":{"emulator":{"name":"functions"},"function":{"name":"api"},"message":"[runtime-status] [17236] Disabled runtime features: undefined"}}
[debug] [2020-12-17T13:31:11.073Z] [runtime-status] [17236] Resolved module firebase-admin {"declared":true,"installed":true,"version":"8.13.0","resolution":"C:\\Users\\jonas\\Documents\\git-projects\\affiliate-wedding\\functions\\node_modules\\firebase-admin\\lib\\index.js"} {"metadata":{"emulator":{"name":"functions"},"function":{"name":"api"},"message":"[runtime-status] [17236] Resolved module firebase-admin {\"declared\":true,\"installed\":true,\"version\":\"8.13.0\",\"resolution\":\"C:\\\\Users\\\\jonas\\\\Documents\\\\git-projects\\\\affiliate-wedding\\\\functions\\\\node_modules\\\\firebase-admin\\\\lib\\\\index.js\"}"}}
[debug] [2020-12-17T13:31:11.075Z] [runtime-status] [17236] Resolved module firebase-functions {"declared":true,"installed":true,"version":"3.13.0","resolution":"C:\\Users\\jonas\\Documents\\git-projects\\affiliate-wedding\\functions\\node_modules\\firebase-functions\\lib\\index.js"} {"metadata":{"emulator":{"name":"functions"},"function":{"name":"api"},"message":"[runtime-status] [17236] Resolved module firebase-functions {\"declared\":true,\"installed\":true,\"version\":\"3.13.0\",\"resolution\":\"C:\\\\Users\\\\jonas\\\\Documents\\\\git-projects\\\\affiliate-wedding\\\\functions\\\\node_modules\\\\firebase-functions\\\\lib\\\\index.js\"}"}}
[debug] [2020-12-17T13:31:11.075Z] [runtime-status] [17236] Found local functions config: C:\Users\jonas\Documents\git-projects\affiliate-wedding\functions/.runtimeconfig.json {"metadata":{"emulator":{"name":"functions"},"function":{"name":"api"},"message":"[runtime-status] [17236] Found local functions config: C:\\Users\\jonas\\Documents\\git-projects\\affiliate-wedding\\functions/.runtimeconfig.json"}}
[debug] [2020-12-17T13:31:11.077Z] [runtime-status] [17236] Outgoing network have been stubbed. [{"name":"http","status":"mocked"},{"name":"http","status":"mocked"},{"name":"https","status":"mocked"},{"name":"https","status":"mocked"},{"name":"net","status":"mocked"}] {"metadata":{"emulator":{"name":"functions"},"function":{"name":"api"},"message":"[runtime-status] [17236] Outgoing network have been stubbed. [{\"name\":\"http\",\"status\":\"mocked\"},{\"name\":\"http\",\"status\":\"mocked\"},{\"name\":\"https\",\"status\":\"mocked\"},{\"name\":\"https\",\"status\":\"mocked\"},{\"name\":\"net\",\"status\":\"mocked\"}]"}}
[debug] [2020-12-17T13:31:11.077Z] [runtime-status] [17236] Resolved module firebase-functions {"declared":true,"installed":true,"version":"3.13.0","resolution":"C:\\Users\\jonas\\Documents\\git-projects\\affiliate-wedding\\functions\\node_modules\\firebase-functions\\lib\\index.js"} {"metadata":{"emulator":{"name":"functions"},"function":{"name":"api"},"message":"[runtime-status] [17236] Resolved module firebase-functions {\"declared\":true,\"installed\":true,\"version\":\"3.13.0\",\"resolution\":\"C:\\\\Users\\\\jonas\\\\Documents\\\\git-projects\\\\affiliate-wedding\\\\functions\\\\node_modules\\\\firebase-functions\\\\lib\\\\index.js\"}"}}
[debug] [2020-12-17T13:31:11.108Z] [runtime-status] [17236] Checked functions.config() {"config":{"environment":"development","nodemailer":{"email":"wedding.website.tutorial@gmail.com","password":"Airbus360!"}}} {"metadata":{"emulator":{"name":"functions"},"function":{"name":"api"},"message":"[runtime-status] [17236] Checked functions.config() {\"config\":{\"environment\":\"development\",\"nodemailer\":{\"email\":\"wedding.website.tutorial@gmail.com\",\"password\":\"Airbus360!\"}}}"}}
[debug] [2020-12-17T13:31:11.108Z] [runtime-status] [17236] firebase-functions has been stubbed. {"functionsResolution":{"declared":true,"installed":true,"version":"3.13.0","resolution":"C:\\Users\\jonas\\Documents\\git-projects\\affiliate-wedding\\functions\\node_modules\\firebase-functions\\lib\\index.js"}} {"metadata":{"emulator":{"name":"functions"},"function":{"name":"api"},"message":"[runtime-status] [17236] firebase-functions has been stubbed. {\"functionsResolution\":{\"declared\":true,\"installed\":true,\"version\":\"3.13.0\",\"resolution\":\"C:\\\\Users\\\\jonas\\\\Documents\\\\git-projects\\\\affiliate-wedding\\\\functions\\\\node_modules\\\\firebase-functions\\\\lib\\\\index.js\"}}"}}
[debug] [2020-12-17T13:31:11.108Z] [runtime-status] [17236] Resolved module firebase-functions {"declared":true,"installed":true,"version":"3.13.0","resolution":"C:\\Users\\jonas\\Documents\\git-projects\\affiliate-wedding\\functions\\node_modules\\firebase-functions\\lib\\index.js"} {"metadata":{"emulator":{"name":"functions"},"function":{"name":"api"},"message":"[runtime-status] [17236] Resolved module firebase-functions {\"declared\":true,\"installed\":true,\"version\":\"3.13.0\",\"resolution\":\"C:\\\\Users\\\\jonas\\\\Documents\\\\git-projects\\\\affiliate-wedding\\\\functions\\\\node_modules\\\\firebase-functions\\\\lib\\\\index.js\"}"}}
[debug] [2020-12-17T13:31:11.109Z] [runtime-status] [17236] Resolved module firebase-admin {"declared":true,"installed":true,"version":"8.13.0","resolution":"C:\\Users\\jonas\\Documents\\git-projects\\affiliate-wedding\\functions\\node_modules\\firebase-admin\\lib\\index.js"} {"metadata":{"emulator":{"name":"functions"},"function":{"name":"api"},"message":"[runtime-status] [17236] Resolved module firebase-admin {\"declared\":true,\"installed\":true,\"version\":\"8.13.0\",\"resolution\":\"C:\\\\Users\\\\jonas\\\\Documents\\\\git-projects\\\\affiliate-wedding\\\\functions\\\\node_modules\\\\firebase-admin\\\\lib\\\\index.js\"}"}}
[debug] [2020-12-17T13:31:11.109Z] [runtime-status] [17236] Resolved module firebase-functions {"declared":true,"installed":true,"version":"3.13.0","resolution":"C:\\Users\\jonas\\Documents\\git-projects\\affiliate-wedding\\functions\\node_modules\\firebase-functions\\lib\\index.js"} {"metadata":{"emulator":{"name":"functions"},"function":{"name":"api"},"message":"[runtime-status] [17236] Resolved module firebase-functions {\"declared\":true,\"installed\":true,\"version\":\"3.13.0\",\"resolution\":\"C:\\\\Users\\\\jonas\\\\Documents\\\\git-projects\\\\affiliate-wedding\\\\functions\\\\node_modules\\\\firebase-functions\\\\lib\\\\index.js\"}"}}
[debug] [2020-12-17T13:31:11.110Z] [runtime-status] [17236] firebase-admin has been stubbed. {"adminResolution":{"declared":true,"installed":true,"version":"8.13.0","resolution":"C:\\Users\\jonas\\Documents\\git-projects\\affiliate-wedding\\functions\\node_modules\\firebase-admin\\lib\\index.js"}} {"metadata":{"emulator":{"name":"functions"},"function":{"name":"api"},"message":"[runtime-status] [17236] firebase-admin has been stubbed. {\"adminResolution\":{\"declared\":true,\"installed\":true,\"version\":\"8.13.0\",\"resolution\":\"C:\\\\Users\\\\jonas\\\\Documents\\\\git-projects\\\\affiliate-wedding\\\\functions\\\\node_modules\\\\firebase-admin\\\\lib\\\\index.js\"}}"}}
[debug] [2020-12-17T13:31:11.241Z] [runtime-status] [17236] Trigger "api" has been found, beginning invocation! {"metadata":{"emulator":{"name":"functions"},"function":{"name":"api"},"message":"[runtime-status] [17236] Trigger \"api\" has been found, beginning invocation!"}}
[info] i  functions: Beginning execution of "api" {"metadata":{"emulator":{"name":"functions"},"function":{"name":"api"},"message":"Beginning execution of \"api\""}}
[debug] [2020-12-17T13:31:11.242Z] [runtime-status] [17236] triggerDefinition {"httpsTrigger":{},"name":"api","entryPoint":"api"} {"metadata":{"emulator":{"name":"functions"},"function":{"name":"api"},"message":"[runtime-status] [17236] triggerDefinition {\"httpsTrigger\":{},\"name\":\"api\",\"entryPoint\":\"api\"}"}}
[debug] [2020-12-17T13:31:11.242Z] [runtime-status] [17236] Running api in mode HTTPS {"metadata":{"emulator":{"name":"functions"},"function":{"name":"api"},"message":"[runtime-status] [17236] Running api in mode HTTPS"}}
[debug] [2020-12-17T13:31:11.244Z] [runtime-status] [17236] Attempting to listen to socketPath: \\?\pipe\C:\Users\jonas\Documents\git-projects\affiliate-wedding\functions\17236 {"metadata":{"emulator":{"name":"functions"},"function":{"name":"api"},"message":"[runtime-status] [17236] Attempting to listen to socketPath: \\\\?\\pipe\\C:\\Users\\jonas\\Documents\\git-projects\\affiliate-wedding\\functions\\17236"}}
[debug] [2020-12-17T13:31:11.245Z] [functions] Runtime ready! Sending request! {"metadata":{"emulator":{"name":"functions"},"message":"[functions] Runtime ready! Sending request!"}}
[debug] [2020-12-17T13:31:11.251Z] [runtime-status] [17236] Ephemeral server handling GET request {"metadata":{"emulator":{"name":"functions"},"function":{"name":"api"},"message":"[runtime-status] [17236] Ephemeral server handling GET request"}}
[info] >  Time:  1608211871251 GET /wedding-wix-tutorial/us-central1/api/mails/send-mail?email=jonas-wolfram@web.de&isInterestedInNewsletter=true {"user":"Time:  1608211871251 GET /wedding-wix-tutorial/us-central1/api/mails/send-mail?email=jonas-wolfram@web.de&isInterestedInNewsletter=true","metadata":{"emulator":{"name":"functions"},"function":{"name":"api"},"message":"\u001b[90m> \u001b[39m Time:  1608211871251 GET /wedding-wix-tutorial/us-central1/api/mails/send-mail?email=jonas-wolfram@web.de&isInterestedInNewsletter=true"}}
[debug] [2020-12-17T13:31:11.265Z] [runtime-status] [17236] Ephemeral server survived. {"metadata":{"emulator":{"name":"functions"},"function":{"name":"api"},"message":"[runtime-status] [17236] Ephemeral server survived."}}
[info] >  Message sent: <c4be365e-b5a9-68fe-484c-aabd79f2a19d@example.com> {"user":"Message sent: <c4be365e-b5a9-68fe-484c-aabd79f2a19d@example.com>","metadata":{"emulator":{"name":"functions"},"function":{"name":"api"},"message":"\u001b[90m> \u001b[39m Message sent: <c4be365e-b5a9-68fe-484c-aabd79f2a19d@example.com>"}}
[info] >  Preview URL: false {"user":"Preview URL: false","metadata":{"emulator":{"name":"functions"},"function":{"name":"api"},"message":"\u001b[90m> \u001b[39m Preview URL: false"}}
[info] i  functions: Finished "api" in ~1s {"metadata":{"emulator":{"name":"functions"},"function":{"name":"api"},"message":"Finished \"api\" in ~1s"}}
[debug] [2020-12-17T13:31:12.294Z] [worker-api-ba9a1f0b-b800-4b5a-a40e-2382427c027b]: IDLE {"metadata":{"emulator":{"name":"functions"},"message":"[worker-api-ba9a1f0b-b800-4b5a-a40e-2382427c027b]: IDLE"}}
[debug] [2020-12-17T13:31:12.295Z] [work-queue] {"queueLength":0,"workRunningCount":0}
[debug] [2020-12-17T13:31:26.910Z] [work-queue] {"queueLength":1,"workRunningCount":0}
[debug] [2020-12-17T13:31:26.910Z] [work-queue] {"queueLength":0,"workRunningCount":1}
[debug] [2020-12-17T13:31:26.910Z] Accepted request GET /wedding-wix-tutorial/us-central1/api/mails/send-mail?email=jonas-wolfram@web.de&isInterestedInNewsletter=true --> api
[debug] [2020-12-17T13:31:26.910Z] [worker-pool] submitWork(triggerId=api) {"metadata":{"emulator":{"name":"functions"},"message":"[worker-pool] submitWork(triggerId=api)"}}
[debug] [2020-12-17T13:31:26.910Z] [worker-api-ba9a1f0b-b800-4b5a-a40e-2382427c027b]: Assigning socketPath: \\?\pipe\C:\Users\jonas\Documents\git-projects\affiliate-wedding\functions\17236 {"metadata":{"emulator":{"name":"functions"},"message":"[worker-api-ba9a1f0b-b800-4b5a-a40e-2382427c027b]: Assigning socketPath: \\\\?\\pipe\\C:\\Users\\jonas\\Documents\\git-projects\\affiliate-wedding\\functions\\17236"}}
[debug] [2020-12-17T13:31:26.910Z] [worker-api-ba9a1f0b-b800-4b5a-a40e-2382427c027b]: BUSY {"metadata":{"emulator":{"name":"functions"},"message":"[worker-api-ba9a1f0b-b800-4b5a-a40e-2382427c027b]: BUSY"}}
[debug] [2020-12-17T13:31:26.911Z] [runtime-status] [17236] Trigger "api" has been found, beginning invocation! {"metadata":{"emulator":{"name":"functions"},"function":{"name":"api"},"message":"[runtime-status] [17236] Trigger \"api\" has been found, beginning invocation!"}}
[info] i  functions: Beginning execution of "api" {"metadata":{"emulator":{"name":"functions"},"function":{"name":"api"},"message":"Beginning execution of \"api\""}}
[debug] [2020-12-17T13:31:26.912Z] [runtime-status] [17236] triggerDefinition {"httpsTrigger":{},"name":"api","entryPoint":"api"} {"metadata":{"emulator":{"name":"functions"},"function":{"name":"api"},"message":"[runtime-status] [17236] triggerDefinition {\"httpsTrigger\":{},\"name\":\"api\",\"entryPoint\":\"api\"}"}}
[debug] [2020-12-17T13:31:26.912Z] [runtime-status] [17236] Running api in mode HTTPS {"metadata":{"emulator":{"name":"functions"},"function":{"name":"api"},"message":"[runtime-status] [17236] Running api in mode HTTPS"}}
[debug] [2020-12-17T13:31:26.912Z] [runtime-status] [17236] Attempting to listen to socketPath: \\?\pipe\C:\Users\jonas\Documents\git-projects\affiliate-wedding\functions\17236 {"metadata":{"emulator":{"name":"functions"},"function":{"name":"api"},"message":"[runtime-status] [17236] Attempting to listen to socketPath: \\\\?\\pipe\\C:\\Users\\jonas\\Documents\\git-projects\\affiliate-wedding\\functions\\17236"}}
[debug] [2020-12-17T13:31:26.912Z] [functions] Runtime ready! Sending request! {"metadata":{"emulator":{"name":"functions"},"message":"[functions] Runtime ready! Sending request!"}}
[debug] [2020-12-17T13:31:26.913Z] [runtime-status] [17236] Ephemeral server handling GET request {"metadata":{"emulator":{"name":"functions"},"function":{"name":"api"},"message":"[runtime-status] [17236] Ephemeral server handling GET request"}}
[info] >  Time:  1608211886914 GET /wedding-wix-tutorial/us-central1/api/mails/send-mail?email=jonas-wolfram@web.de&isInterestedInNewsletter=true {"user":"Time:  1608211886914 GET /wedding-wix-tutorial/us-central1/api/mails/send-mail?email=jonas-wolfram@web.de&isInterestedInNewsletter=true","metadata":{"emulator":{"name":"functions"},"function":{"name":"api"},"message":"\u001b[90m> \u001b[39m Time:  1608211886914 GET /wedding-wix-tutorial/us-central1/api/mails/send-mail?email=jonas-wolfram@web.de&isInterestedInNewsletter=true"}}
[debug] [2020-12-17T13:31:26.915Z] [runtime-status] [17236] Ephemeral server survived. {"metadata":{"emulator":{"name":"functions"},"function":{"name":"api"},"message":"[runtime-status] [17236] Ephemeral server survived."}}
[info] >  Message sent: <e60b5779-2f2b-7d40-1b4d-776ef87e5cb1@example.com> {"user":"Message sent: <e60b5779-2f2b-7d40-1b4d-776ef87e5cb1@example.com>","metadata":{"emulator":{"name":"functions"},"function":{"name":"api"},"message":"\u001b[90m> \u001b[39m Message sent: <e60b5779-2f2b-7d40-1b4d-776ef87e5cb1@example.com>"}}
[info] >  Preview URL: false {"user":"Preview URL: false","metadata":{"emulator":{"name":"functions"},"function":{"name":"api"},"message":"\u001b[90m> \u001b[39m Preview URL: false"}}
[info] i  functions: Finished "api" in ~1s {"metadata":{"emulator":{"name":"functions"},"function":{"name":"api"},"message":"Finished \"api\" in ~1s"}}
[debug] [2020-12-17T13:31:27.852Z] [worker-api-ba9a1f0b-b800-4b5a-a40e-2382427c027b]: IDLE {"metadata":{"emulator":{"name":"functions"},"message":"[worker-api-ba9a1f0b-b800-4b5a-a40e-2382427c027b]: IDLE"}}
[debug] [2020-12-17T13:31:27.852Z] [work-queue] {"queueLength":0,"workRunningCount":0}
[debug] [2020-12-17T13:32:10.421Z] [work-queue] {"queueLength":1,"workRunningCount":0}
[debug] [2020-12-17T13:32:10.422Z] [work-queue] {"queueLength":0,"workRunningCount":1}
[debug] [2020-12-17T13:32:10.422Z] Accepted request GET /wedding-wix-tutorial/us-central1/api/mails/send-mail?email=jonas-wolfram@web.de&isInterestedInNewsletter=true --> api
[debug] [2020-12-17T13:32:10.422Z] [worker-pool] submitWork(triggerId=api) {"metadata":{"emulator":{"name":"functions"},"message":"[worker-pool] submitWork(triggerId=api)"}}
[debug] [2020-12-17T13:32:10.422Z] [worker-api-ba9a1f0b-b800-4b5a-a40e-2382427c027b]: Assigning socketPath: \\?\pipe\C:\Users\jonas\Documents\git-projects\affiliate-wedding\functions\17236 {"metadata":{"emulator":{"name":"functions"},"message":"[worker-api-ba9a1f0b-b800-4b5a-a40e-2382427c027b]: Assigning socketPath: \\\\?\\pipe\\C:\\Users\\jonas\\Documents\\git-projects\\affiliate-wedding\\functions\\17236"}}
[debug] [2020-12-17T13:32:10.422Z] [worker-api-ba9a1f0b-b800-4b5a-a40e-2382427c027b]: BUSY {"metadata":{"emulator":{"name":"functions"},"message":"[worker-api-ba9a1f0b-b800-4b5a-a40e-2382427c027b]: BUSY"}}
[debug] [2020-12-17T13:32:10.422Z] [runtime-status] [17236] Trigger "api" has been found, beginning invocation! {"metadata":{"emulator":{"name":"functions"},"function":{"name":"api"},"message":"[runtime-status] [17236] Trigger \"api\" has been found, beginning invocation!"}}
[info] i  functions: Beginning execution of "api" {"metadata":{"emulator":{"name":"functions"},"function":{"name":"api"},"message":"Beginning execution of \"api\""}}
[debug] [2020-12-17T13:32:10.423Z] [runtime-status] [17236] triggerDefinition {"httpsTrigger":{},"name":"api","entryPoint":"api"} {"metadata":{"emulator":{"name":"functions"},"function":{"name":"api"},"message":"[runtime-status] [17236] triggerDefinition {\"httpsTrigger\":{},\"name\":\"api\",\"entryPoint\":\"api\"}"}}
[debug] [2020-12-17T13:32:10.423Z] [runtime-status] [17236] Running api in mode HTTPS {"metadata":{"emulator":{"name":"functions"},"function":{"name":"api"},"message":"[runtime-status] [17236] Running api in mode HTTPS"}}
[debug] [2020-12-17T13:32:10.423Z] [runtime-status] [17236] Attempting to listen to socketPath: \\?\pipe\C:\Users\jonas\Documents\git-projects\affiliate-wedding\functions\17236 {"metadata":{"emulator":{"name":"functions"},"function":{"name":"api"},"message":"[runtime-status] [17236] Attempting to listen to socketPath: \\\\?\\pipe\\C:\\Users\\jonas\\Documents\\git-projects\\affiliate-wedding\\functions\\17236"}}
[debug] [2020-12-17T13:32:10.424Z] [functions] Runtime ready! Sending request! {"metadata":{"emulator":{"name":"functions"},"message":"[functions] Runtime ready! Sending request!"}}
[debug] [2020-12-17T13:32:10.425Z] [runtime-status] [17236] Ephemeral server handling GET request {"metadata":{"emulator":{"name":"functions"},"function":{"name":"api"},"message":"[runtime-status] [17236] Ephemeral server handling GET request"}}
[info] >  Time:  1608211930425 GET /wedding-wix-tutorial/us-central1/api/mails/send-mail?email=jonas-wolfram@web.de&isInterestedInNewsletter=true {"user":"Time:  1608211930425 GET /wedding-wix-tutorial/us-central1/api/mails/send-mail?email=jonas-wolfram@web.de&isInterestedInNewsletter=true","metadata":{"emulator":{"name":"functions"},"function":{"name":"api"},"message":"\u001b[90m> \u001b[39m Time:  1608211930425 GET /wedding-wix-tutorial/us-central1/api/mails/send-mail?email=jonas-wolfram@web.de&isInterestedInNewsletter=true"}}
[debug] [2020-12-17T13:32:10.455Z] [runtime-status] [17236] Ephemeral server survived. {"metadata":{"emulator":{"name":"functions"},"function":{"name":"api"},"message":"[runtime-status] [17236] Ephemeral server survived."}}
[info] >  Message sent: <8850195b-6ee5-615c-8c69-e66bfa7797f7@example.com> {"user":"Message sent: <8850195b-6ee5-615c-8c69-e66bfa7797f7@example.com>","metadata":{"emulator":{"name":"functions"},"function":{"name":"api"},"message":"\u001b[90m> \u001b[39m Message sent: <8850195b-6ee5-615c-8c69-e66bfa7797f7@example.com>"}}
[info] >  Preview URL: false {"user":"Preview URL: false","metadata":{"emulator":{"name":"functions"},"function":{"name":"api"},"message":"\u001b[90m> \u001b[39m Preview URL: false"}}
[info] i  functions: Finished "api" in ~1s {"metadata":{"emulator":{"name":"functions"},"function":{"name":"api"},"message":"Finished \"api\" in ~1s"}}
[debug] [2020-12-17T13:32:11.492Z] [worker-api-ba9a1f0b-b800-4b5a-a40e-2382427c027b]: IDLE {"metadata":{"emulator":{"name":"functions"},"message":"[worker-api-ba9a1f0b-b800-4b5a-a40e-2382427c027b]: IDLE"}}
[debug] [2020-12-17T13:32:11.492Z] [work-queue] {"queueLength":0,"workRunningCount":0}
[debug] [2020-12-17T13:50:50.890Z] File C:\Users\jonas\Documents\git-projects\affiliate-wedding\functions\src\http\mails\controller.ts changed, reloading triggers {"metadata":{"emulator":{"name":"functions"},"message":"File C:\\Users\\jonas\\Documents\\git-projects\\affiliate-wedding\\functions\\src\\http\\mails\\controller.ts changed, reloading triggers"}}
[debug] [2020-12-17T13:50:55.900Z] ----------------------------------------------------------------------
[debug] [2020-12-17T13:50:55.902Z] Command:       C:\Program Files\nodejs\node.exe C:\Users\jonas\AppData\Roaming\npm\node_modules\firebase-tools\lib\bin\firebase.js emulators:start --only functions
[debug] [2020-12-17T13:50:55.902Z] CLI Version:   8.5.0
[debug] [2020-12-17T13:50:55.902Z] Platform:      win32
[debug] [2020-12-17T13:50:55.902Z] Node Version:  v12.18.2
[debug] [2020-12-17T13:50:55.903Z] Time:          Thu Dec 17 2020 14:50:55 GMT+0100 (Central European Standard Time)
[debug] [2020-12-17T13:50:55.903Z] ----------------------------------------------------------------------
[debug] [2020-12-17T13:50:55.903Z] 
[debug] [2020-12-17T13:50:55.908Z] > command requires scopes: ["email","openid","https://www.googleapis.com/auth/cloudplatformprojects.readonly","https://www.googleapis.com/auth/firebase","https://www.googleapis.com/auth/cloud-platform"]
[debug] [2020-12-17T13:50:55.908Z] > authorizing via signed-in user
[info] i  emulators: Starting emulators: functions {"metadata":{"emulator":{"name":"hub"},"message":"Starting emulators: functions"}}
[warn] !  emulators: It seems that you are running multiple instances of the emulator suite for project wedding-wix-tutorial. This may result in unexpected behavior. 
[debug] [2020-12-17T13:50:57.945Z] [hub] writing locator at C:\Users\jonas\AppData\Local\Temp\hub-wedding-wix-tutorial.json
[debug] [2020-12-17T13:50:59.985Z] defaultcredentials: writing to file C:\Users\jonas\AppData\Roaming\firebase\19jonaswolfram98_gmail_com_application_default_credentials.json
[debug] [2020-12-17T13:50:59.985Z] Setting GAC to C:\Users\jonas\AppData\Roaming\firebase\19jonaswolfram98_gmail_com_application_default_credentials.json {"metadata":{"emulator":{"name":"functions"},"message":"Setting GAC to C:\\Users\\jonas\\AppData\\Roaming\\firebase\\19jonaswolfram98_gmail_com_application_default_credentials.json"}}
[warn] !  functions: The following emulators are not running, calls to these services from the Functions emulator will affect production: firestore, database, hosting, pubsub {"metadata":{"emulator":{"name":"functions"},"message":"The following emulators are not running, calls to these services from the Functions emulator will affect production: \u001b[1mfirestore, database, hosting, pubsub\u001b[22m"}}
[warn] !  Your requested "node" version "10" doesn't match your global version "12" {"metadata":{"emulator":{"name":"functions"},"message":"Your requested \"node\" version \"10\" doesn't match your global version \"12\""}}
[debug] [2020-12-17T13:51:04.076Z] Ignoring unsupported arg: auto_download {"metadata":{"emulator":{"name":"ui"},"message":"Ignoring unsupported arg: auto_download"}}
[debug] [2020-12-17T13:51:04.076Z] Ignoring unsupported arg: port {"metadata":{"emulator":{"name":"ui"},"message":"Ignoring unsupported arg: port"}}
[debug] [2020-12-17T13:51:04.076Z] Starting Emulator UI with command {"binary":"node","args":["C:\\Users\\jonas\\.cache\\firebase\\emulators\\ui-v1.1.0\\server.bundle.js"],"optionalArgs":[],"joinArgs":false} {"metadata":{"emulator":{"name":"ui"},"message":"Starting Emulator UI with command {\"binary\":\"node\",\"args\":[\"C:\\\\Users\\\\jonas\\\\.cache\\\\firebase\\\\emulators\\\\ui-v1.1.0\\\\server.bundle.js\"],\"optionalArgs\":[],\"joinArgs\":false}"}}
[info] i  ui: Emulator UI logging to ui-debug.log {"metadata":{"emulator":{"name":"ui"},"message":"Emulator UI logging to \u001b[1mui-debug.log\u001b[22m"}}
[debug] [2020-12-17T13:51:04.159Z] Web / API server started at http://localhost:4000
 {"metadata":{"emulator":{"name":"ui"},"message":"Web / API server started at http://localhost:4000\n"}}
[info] i  functions: Watching "C:\Users\jonas\Documents\git-projects\affiliate-wedding\functions" for Cloud Functions... {"metadata":{"emulator":{"name":"functions"},"message":"Watching \"C:\\Users\\jonas\\Documents\\git-projects\\affiliate-wedding\\functions\" for Cloud Functions..."}}
[debug] [2020-12-17T13:51:04.607Z] [worker-pool] addWorker(~diagnostic~) {"metadata":{"emulator":{"name":"functions"},"message":"[worker-pool] addWorker(~diagnostic~)"}}
[debug] [2020-12-17T13:51:04.608Z] [worker-pool] Adding worker with key ~diagnostic~, total=1 {"metadata":{"emulator":{"name":"functions"},"message":"[worker-pool] Adding worker with key ~diagnostic~, total=1"}}
[debug] [2020-12-17T13:51:04.608Z] [worker-pool] submitWork(triggerId=) {"metadata":{"emulator":{"name":"functions"},"message":"[worker-pool] submitWork(triggerId=)"}}
[debug] [2020-12-17T13:51:04.608Z] [worker-~diagnostic~-72e0bd3a-1d93-474d-b550-20ff818be0bb]: Assigning socketPath: \\?\pipe\C:\Users\jonas\Documents\git-projects\affiliate-wedding\functions\8992 {"metadata":{"emulator":{"name":"functions"},"message":"[worker-~diagnostic~-72e0bd3a-1d93-474d-b550-20ff818be0bb]: Assigning socketPath: \\\\?\\pipe\\C:\\Users\\jonas\\Documents\\git-projects\\affiliate-wedding\\functions\\8992"}}
[debug] [2020-12-17T13:51:04.608Z] [worker-~diagnostic~-72e0bd3a-1d93-474d-b550-20ff818be0bb]: BUSY {"metadata":{"emulator":{"name":"functions"},"message":"[worker-~diagnostic~-72e0bd3a-1d93-474d-b550-20ff818be0bb]: BUSY"}}
